# JRE version: OpenJDK Runtime Environment (15.0.1+9) (build 15.0.1+9-18)
# Java VM: OpenJDK 64-Bit Server VM (15.0.1+9-18, mixed mode, tiered, compressed oops, g1 gc, windows-amd64)
GC Precious Log:
 CPUs: 4 total, 4 available
 Memory: 16293M
 Large Page Support: Disabled
 NUMA Support: Disabled
 Compressed Oops: Enabled (Zero based)
 Heap Region Size: 2M
 Heap Min Capacity: 8M
 Heap Initial Capacity: 256M
 Heap Max Capacity: 4074M
 Pre-touch: Disabled
 Parallel Workers: 4
 Concurrent Workers: 1
 Concurrent Refinement Workers: 4
 Periodic GC: Disabled
Heap:
 garbage-first heap   total 262144K, used 20568K [0x0000000701600000, 0x0000000800000000)
  region size 2048K, 10 young (20480K), 2 survivors (4096K)
 Metaspace       used 17639K, capacity 17835K, committed 17920K, reserved 1064960K
  class space    used 1643K, capacity 1715K, committed 1792K, reserved 1048576K
GC Heap History (6 events):
Event: 0.836 GC heap before
{Heap before GC invocations=0 (full 0):
 garbage-first heap   total 262144K, used 10240K [0x0000000701600000, 0x0000000800000000)
  region size 2048K, 6 young (12288K), 0 survivors (0K)
 Metaspace       used 11472K, capacity 11657K, committed 11904K, reserved 1060864K
  class space    used 1024K, capacity 1094K, committed 1152K, reserved 1048576K
}
Event: 0.841 GC heap after
{Heap after GC invocations=1 (full 0):
 garbage-first heap   total 262144K, used 2239K [0x0000000701600000, 0x0000000800000000)
  region size 2048K, 1 young (2048K), 1 survivors (2048K)
 Metaspace       used 11472K, capacity 11657K, committed 11904K, reserved 1060864K
  class space    used 1024K, capacity 1094K, committed 1152K, reserved 1048576K
}
Event: 1.215 GC heap before
{Heap before GC invocations=1 (full 0):
 garbage-first heap   total 262144K, used 12479K [0x0000000701600000, 0x0000000800000000)
  region size 2048K, 7 young (14336K), 1 survivors (2048K)
 Metaspace       used 14634K, capacity 14829K, committed 15104K, reserved 1062912K
  class space    used 1369K, capacity 1421K, committed 1536K, reserved 1048576K
}
Event: 1.218 GC heap after
{Heap after GC invocations=2 (full 0):
 garbage-first heap   total 262144K, used 3568K [0x0000000701600000, 0x0000000800000000)
  region size 2048K, 1 young (2048K), 1 survivors (2048K)
 Metaspace       used 14634K, capacity 14829K, committed 15104K, reserved 1062912K
  class space    used 1369K, capacity 1421K, committed 1536K, reserved 1048576K
}
Event: 3.920 GC heap before
{Heap before GC invocations=2 (full 0):
 garbage-first heap   total 262144K, used 34288K [0x0000000701600000, 0x0000000800000000)
  region size 2048K, 16 young (32768K), 1 survivors (2048K)
 Metaspace       used 17525K, capacity 17771K, committed 17920K, reserved 1064960K
  class space    used 1641K, capacity 1715K, committed 1792K, reserved 1048576K
}
Event: 3.923 GC heap after
{Heap after GC invocations=3 (full 0):
 garbage-first heap   total 262144K, used 6232K [0x0000000701600000, 0x0000000800000000)
  region size 2048K, 2 young (4096K), 2 survivors (4096K)
 Metaspace       used 17525K, capacity 17771K, committed 17920K, reserved 1064960K
  class space    used 1641K, capacity 1715K, committed 1792K, reserved 1048576K
}

